<?xml version="1.0" encoding="UTF-8"?>
<!-- Generated by org.testng.reporters.JUnitXMLReporter -->
<testsuite ignored="3" hostname="ShaharbanuPC" failures="0" tests="1" name="chrometest" time="44.648" errors="0" timestamp="2024-11-27T09:49:54 GST">
  <testcase classname="testscript.LogInTest" name="VerifyTheUserIsAbleToLogInUsingValidCredentials" time="1.378"/>
  <testcase classname="testscript.LogInTest" name="VerifyTheUserIsNotAbleToLogInUsingInValidCredentials" time="0.0">
    <ignored/>
  </testcase> <!-- VerifyTheUserIsNotAbleToLogInUsingInValidCredentials -->
  <testcase classname="testscript.LogInTest" name="VerifyTheUserIsNotAbleToLogInUsingInValidPassword" time="0.0">
    <ignored/>
  </testcase> <!-- VerifyTheUserIsNotAbleToLogInUsingInValidPassword -->
  <testcase classname="testscript.LogInTest" name="VerifyTheUserIsNotAbleToLogInUsingInValidUserName" time="0.0">
    <ignored/>
  </testcase> <!-- VerifyTheUserIsNotAbleToLogInUsingInValidUserName -->
</testsuite> <!-- chrometest -->
