<?xml version="1.0" encoding="UTF-8"?>
<!-- Generated by org.testng.reporters.JUnitXMLReporter -->
<testsuite ignored="3" hostname="ShaharbanuPC" failures="0" tests="1" name="Chrome Test" time="8.308" errors="0" timestamp="2024-11-28T17:01:36 GST">
  <testcase classname="testscript.LogInTest" name="VerifyTheUserIsNotAbleToLogInUsingInValidPassword" time="2.076"/>
  <testcase classname="testscript.LogInTest" name="VerifyTheUserIsNotAbleToLogInUsingInValidCredentials" time="0.0">
    <ignored/>
  </testcase> <!-- VerifyTheUserIsNotAbleToLogInUsingInValidCredentials -->
  <testcase classname="testscript.LogInTest" name="VerifyTheUserIsNotAbleToLogInUsingInValidUserName" time="0.0">
    <ignored/>
  </testcase> <!-- VerifyTheUserIsNotAbleToLogInUsingInValidUserName -->
  <testcase classname="testscript.LogInTest" name="VerifyTheUserIsAbleToLogInUsingValidCredentials" time="0.0">
    <ignored/>
  </testcase> <!-- VerifyTheUserIsAbleToLogInUsingValidCredentials -->
</testsuite> <!-- Chrome Test -->
