<?xml version="1.0" encoding="UTF-8"?>
<!-- Generated by org.testng.reporters.JUnitXMLReporter -->
<testsuite ignored="3" hostname="ShaharbanuPC" failures="0" tests="1" name="Test" time="48.999" errors="0" timestamp="2024-11-29T09:42:33 GST">
  <testcase classname="testscript.LogInTest" name="VerifyTheUserIsNotAbleToLogInUsingInValidUserName" time="2.188"/>
  <testcase classname="testscript.LogInTest" name="VerifyTheUserIsAbleToLogInUsingValidCredentials" time="0.0">
    <ignored/>
  </testcase> <!-- VerifyTheUserIsAbleToLogInUsingValidCredentials -->
  <testcase classname="testscript.LogInTest" name="VerifyTheUserIsNotAbleToLogInUsingInValidPassword" time="0.0">
    <ignored/>
  </testcase> <!-- VerifyTheUserIsNotAbleToLogInUsingInValidPassword -->
  <testcase classname="testscript.LogInTest" name="VerifyTheUserIsNotAbleToLogInUsingInValidCredentials" time="0.0">
    <ignored/>
  </testcase> <!-- VerifyTheUserIsNotAbleToLogInUsingInValidCredentials -->
</testsuite> <!-- Test -->
