<?xml version="1.0" encoding="UTF-8"?>
<!-- Generated by org.testng.reporters.JUnitXMLReporter -->
<testsuite ignored="0" hostname="ShaharbanuPC" failures="1" tests="2" name="Test new" time="22.854" errors="0" timestamp="2024-11-30T18:34:33 GST">
  <testcase classname="testscript.ManageFooterTextTest" name="CheckTheUpdateButtonIsDisplayedOnFooterTextPage" time="4.571"/>
  <testcase classname="testscript.ManageFooterTextTest" name="ToCheckTheUserIsAbleToUpdateAFooterText" time="4.372">
    <failure type="java.lang.AssertionError" message="The email field and phone filed accept invalid data expected [false] but found [true]">
      <![CDATA[java.lang.AssertionError: The email field and phone filed accept invalid data expected [false] but found [true]
at testscript.ManageFooterTextTest.ToCheckTheUserIsAbleToUpdateAFooterText(ManageFooterTextTest.java:50)
at java.base/java.util.ArrayList.forEach(ArrayList.java:1511)
... Removed 30 stack frames]]>
    </failure>
  </testcase> <!-- ToCheckTheUserIsAbleToUpdateAFooterText -->
</testsuite> <!-- Test new -->
