<?xml version="1.0" encoding="UTF-8"?>
<!-- Generated by org.testng.reporters.JUnitXMLReporter -->
<testsuite ignored="2" hostname="ShaharbanuPC" failures="0" tests="2" name="Test" time="48.582" errors="0" timestamp="2024-11-25T10:40:07 GST">
  <testcase classname="testscript.LogInTest" name="VerifyTheUserIsAbleToLogInUsingValidCredentials" time="1.746"/>
  <testcase classname="testscript.LogInTest" name="VerifyTheUserIsNotAbleToLogInUsingInValidPassword" time="1.067"/>
  <testcase classname="testscript.LogInTest" name="VerifyTheUserIsNotAbleToLogInUsingInValidUserName" time="0.0">
    <ignored/>
  </testcase> <!-- VerifyTheUserIsNotAbleToLogInUsingInValidUserName -->
  <testcase classname="testscript.LogInTest" name="VerifyTheUserIsNotAbleToLogInUsingInValidCredentials" time="0.0">
    <ignored/>
  </testcase> <!-- VerifyTheUserIsNotAbleToLogInUsingInValidCredentials -->
</testsuite> <!-- Test -->
